<?xml version="1.0" encoding="UTF-8"?>
<!-- Generated by org.testng.reporters.JUnitXMLReporter -->
<testsuite hostname="VenkataathysMBP.lan" ignored="0" name="Default test" tests="5" failures="0" timestamp="02 Aug 2022 16:57:47 GMT" time="70.352" errors="0">
  <testcase name="launchApple" time="13.945" classname="ci_cd.github_actions.SeleniumWebTest"/>
  <testcase name="launchBing" time="6.379" classname="ci_cd.github_actions.SeleniumWebTest"/>
  <testcase name="launchFacebook" time="13.774" classname="ci_cd.github_actions.SeleniumWebTest"/>
  <testcase name="launchGoogle" time="6.959" classname="ci_cd.github_actions.SeleniumWebTest"/>
  <testcase name="launchYahoo" time="23.316" classname="ci_cd.github_actions.SeleniumWebTest"/>
</testsuite> <!-- Default test -->
