<?xml version="1.0" encoding="UTF-8"?>
<!-- Generated by org.testng.reporters.JUnitXMLReporter -->
<testsuite ignored="0" hostname="VenkataathysMBP.attlocal.net" failures="0" tests="5" name="Default test" time="26.334" errors="0" timestamp="2022-12-17T19:14:30 EST">
  <testcase classname="ci_cd.github_actions.SeleniumWebTest" name="launchApple" time="2.015"/>
  <testcase classname="ci_cd.github_actions.SeleniumWebTest" name="launchBing" time="1.962"/>
  <testcase classname="ci_cd.github_actions.SeleniumWebTest" name="launchFacebook" time="1.648"/>
  <testcase classname="ci_cd.github_actions.SeleniumWebTest" name="launchGoogle" time="1.868"/>
  <testcase classname="ci_cd.github_actions.SeleniumWebTest" name="launchYahoo" time="0.421"/>
</testsuite> <!-- Default test -->
