<?xml version="1.0" encoding="UTF-8"?>
<!-- Generated by org.testng.reporters.JUnitXMLReporter -->
<testsuite ignored="0" hostname="VenkataathysMBP.attlocal.net" failures="0" tests="5" name="Command line test" time="10.357" errors="0" timestamp="2022-12-17T19:36:15 EST">
  <testcase classname="ci_cd.github_actions.SeleniumWebTest" name="launchApple" time="1.725"/>
  <testcase classname="ci_cd.github_actions.SeleniumWebTest" name="launchBing" time="0.65"/>
  <testcase classname="ci_cd.github_actions.SeleniumWebTest" name="launchFacebook" time="1.414"/>
  <testcase classname="ci_cd.github_actions.SeleniumWebTest" name="launchGoogle" time="1.421"/>
  <testcase classname="ci_cd.github_actions.SeleniumWebTest" name="launchYahoo" time="0.353"/>
</testsuite> <!-- Command line test -->
