<?xml version="1.0" encoding="UTF-8"?>
<testng-results ignored="0" total="5" passed="5" failed="0" skipped="0">
  <reporter-output>
  </reporter-output>
  <suite started-at="2022-12-17T19:36:04 EST" name="ci_cd.github_actions.SeleniumWebTest" finished-at="2022-12-17T19:36:15 EST" duration-ms="10357">
    <groups>
    </groups>
    <test started-at="2022-12-17T19:36:04 EST" name="Command line test" finished-at="2022-12-17T19:36:15 EST" duration-ms="10357">
      <class name="ci_cd.github_actions.SeleniumWebTest">
        <test-method is-config="true" signature="setup()[pri:0, instance:ci_cd.github_actions.SeleniumWebTest@394df057]" started-at="2022-12-17T19:36:05 EST" name="setup" finished-at="2022-12-17T19:36:09 EST" duration-ms="4528" status="PASS">
          <reporter-output>
          </reporter-output>
        </test-method> <!-- setup -->
        <test-method signature="launchApple()[pri:0, instance:ci_cd.github_actions.SeleniumWebTest@394df057]" started-at="2022-12-17T19:36:09 EST" name="launchApple" finished-at="2022-12-17T19:36:11 EST" duration-ms="1725" status="PASS">
          <reporter-output>
          </reporter-output>
        </test-method> <!-- launchApple -->
        <test-method signature="launchBing()[pri:0, instance:ci_cd.github_actions.SeleniumWebTest@394df057]" started-at="2022-12-17T19:36:11 EST" name="launchBing" finished-at="2022-12-17T19:36:11 EST" duration-ms="650" status="PASS">
          <reporter-output>
          </reporter-output>
        </test-method> <!-- launchBing -->
        <test-method signature="launchFacebook()[pri:0, instance:ci_cd.github_actions.SeleniumWebTest@394df057]" started-at="2022-12-17T19:36:11 EST" name="launchFacebook" finished-at="2022-12-17T19:36:13 EST" duration-ms="1414" status="PASS">
          <reporter-output>
          </reporter-output>
        </test-method> <!-- launchFacebook -->
        <test-method signature="launchGoogle()[pri:0, instance:ci_cd.github_actions.SeleniumWebTest@394df057]" started-at="2022-12-17T19:36:13 EST" name="launchGoogle" finished-at="2022-12-17T19:36:14 EST" duration-ms="1421" status="PASS">
          <reporter-output>
          </reporter-output>
        </test-method> <!-- launchGoogle -->
        <test-method signature="launchYahoo()[pri:0, instance:ci_cd.github_actions.SeleniumWebTest@394df057]" started-at="2022-12-17T19:36:14 EST" name="launchYahoo" finished-at="2022-12-17T19:36:15 EST" duration-ms="353" status="PASS">
          <reporter-output>
          </reporter-output>
        </test-method> <!-- launchYahoo -->
        <test-method is-config="true" signature="closeDriver()[pri:0, instance:ci_cd.github_actions.SeleniumWebTest@394df057]" started-at="2022-12-17T19:36:15 EST" name="closeDriver" finished-at="2022-12-17T19:36:15 EST" duration-ms="209" status="PASS">
          <reporter-output>
          </reporter-output>
        </test-method> <!-- closeDriver -->
      </class> <!-- ci_cd.github_actions.SeleniumWebTest -->
    </test> <!-- Command line test -->
  </suite> <!-- ci_cd.github_actions.SeleniumWebTest -->
</testng-results>
