<?xml version="1.0" encoding="UTF-8"?>
<testng-results ignored="0" total="5" passed="5" failed="0" skipped="0">
  <reporter-output>
  </reporter-output>
  <suite started-at="2022-08-02T16:53:10Z" name="ci_cd.github_actions.SeleniumWebTest" finished-at="2022-08-02T16:53:30Z" duration-ms="20142">
    <groups>
    </groups>
    <test started-at="2022-08-02T16:53:10Z" name="Command line test" finished-at="2022-08-02T16:53:30Z" duration-ms="20142">
      <class name="ci_cd.github_actions.SeleniumWebTest">
        <test-method is-config="true" signature="setup()[pri:0, instance:ci_cd.github_actions.SeleniumWebTest@163e4e87]" started-at="2022-08-02T16:53:10Z" name="setup" finished-at="2022-08-02T16:53:16Z" duration-ms="6315" status="PASS">
          <reporter-output>
          </reporter-output>
        </test-method> <!-- setup -->
        <test-method signature="launchApple()[pri:0, instance:ci_cd.github_actions.SeleniumWebTest@163e4e87]" started-at="2022-08-02T16:53:16Z" name="launchApple" finished-at="2022-08-02T16:53:20Z" duration-ms="4409" status="PASS">
          <reporter-output>
          </reporter-output>
        </test-method> <!-- launchApple -->
        <test-method signature="launchBing()[pri:0, instance:ci_cd.github_actions.SeleniumWebTest@163e4e87]" started-at="2022-08-02T16:53:20Z" name="launchBing" finished-at="2022-08-02T16:53:21Z" duration-ms="518" status="PASS">
          <reporter-output>
          </reporter-output>
        </test-method> <!-- launchBing -->
        <test-method signature="launchFacebook()[pri:0, instance:ci_cd.github_actions.SeleniumWebTest@163e4e87]" started-at="2022-08-02T16:53:21Z" name="launchFacebook" finished-at="2022-08-02T16:53:24Z" duration-ms="2874" status="PASS">
          <reporter-output>
          </reporter-output>
        </test-method> <!-- launchFacebook -->
        <test-method signature="launchGoogle()[pri:0, instance:ci_cd.github_actions.SeleniumWebTest@163e4e87]" started-at="2022-08-02T16:53:24Z" name="launchGoogle" finished-at="2022-08-02T16:53:27Z" duration-ms="3654" status="PASS">
          <reporter-output>
          </reporter-output>
        </test-method> <!-- launchGoogle -->
        <test-method signature="launchYahoo()[pri:0, instance:ci_cd.github_actions.SeleniumWebTest@163e4e87]" started-at="2022-08-02T16:53:27Z" name="launchYahoo" finished-at="2022-08-02T16:53:29Z" duration-ms="2005" status="PASS">
          <reporter-output>
          </reporter-output>
        </test-method> <!-- launchYahoo -->
        <test-method is-config="true" signature="closeDriver()[pri:0, instance:ci_cd.github_actions.SeleniumWebTest@163e4e87]" started-at="2022-08-02T16:53:29Z" name="closeDriver" finished-at="2022-08-02T16:53:30Z" duration-ms="346" status="PASS">
          <reporter-output>
          </reporter-output>
        </test-method> <!-- closeDriver -->
      </class> <!-- ci_cd.github_actions.SeleniumWebTest -->
    </test> <!-- Command line test -->
  </suite> <!-- ci_cd.github_actions.SeleniumWebTest -->
</testng-results>
