<?xml version="1.0" encoding="UTF-8" ?>
<testsuite tests="5" failures="0" name="ci_cd.github_actions.SeleniumWebTest" time="13.457" errors="0" skipped="0">
  <properties>
[...]
</properties>
  <testcase classname="ci_cd.github_actions.SeleniumWebTest" name="launchApple" time="4.416"/>
  <testcase classname="ci_cd.github_actions.SeleniumWebTest" name="launchBing" time="0.512"/>
  <testcase classname="ci_cd.github_actions.SeleniumWebTest" name="launchFacebook" time="2.874"/>
  <testcase classname="ci_cd.github_actions.SeleniumWebTest" name="launchGoogle" time="3.652"/>
  <testcase classname="ci_cd.github_actions.SeleniumWebTest" name="launchYahoo" time="2.003"/>
</testsuite>