<?xml version="1.0" encoding="UTF-8"?>
<testng-results ignored="0" total="5" passed="5" failed="0" skipped="0">
  <reporter-output>
  </reporter-output>
  <suite started-at="2022-12-17T19:14:04 EST" name="Default suite" finished-at="2022-12-17T19:14:30 EST" duration-ms="26334">
    <groups>
    </groups>
    <test started-at="2022-12-17T19:14:04 EST" name="Default test" finished-at="2022-12-17T19:14:30 EST" duration-ms="26334">
      <class name="ci_cd.github_actions.SeleniumWebTest">
        <test-method is-config="true" signature="setup()[pri:0, instance:ci_cd.github_actions.SeleniumWebTest@59505b48]" started-at="2022-12-17T19:14:04 EST" name="setup" finished-at="2022-12-17T19:14:22 EST" duration-ms="18181" status="PASS">
          <reporter-output>
          </reporter-output>
        </test-method> <!-- setup -->
        <test-method signature="launchApple()[pri:0, instance:ci_cd.github_actions.SeleniumWebTest@59505b48]" started-at="2022-12-17T19:14:22 EST" name="launchApple" finished-at="2022-12-17T19:14:24 EST" duration-ms="2015" status="PASS">
          <reporter-output>
          </reporter-output>
        </test-method> <!-- launchApple -->
        <test-method signature="launchBing()[pri:0, instance:ci_cd.github_actions.SeleniumWebTest@59505b48]" started-at="2022-12-17T19:14:24 EST" name="launchBing" finished-at="2022-12-17T19:14:26 EST" duration-ms="1962" status="PASS">
          <reporter-output>
          </reporter-output>
        </test-method> <!-- launchBing -->
        <test-method signature="launchFacebook()[pri:0, instance:ci_cd.github_actions.SeleniumWebTest@59505b48]" started-at="2022-12-17T19:14:26 EST" name="launchFacebook" finished-at="2022-12-17T19:14:27 EST" duration-ms="1648" status="PASS">
          <reporter-output>
          </reporter-output>
        </test-method> <!-- launchFacebook -->
        <test-method signature="launchGoogle()[pri:0, instance:ci_cd.github_actions.SeleniumWebTest@59505b48]" started-at="2022-12-17T19:14:27 EST" name="launchGoogle" finished-at="2022-12-17T19:14:29 EST" duration-ms="1868" status="PASS">
          <reporter-output>
          </reporter-output>
        </test-method> <!-- launchGoogle -->
        <test-method signature="launchYahoo()[pri:0, instance:ci_cd.github_actions.SeleniumWebTest@59505b48]" started-at="2022-12-17T19:14:29 EST" name="launchYahoo" finished-at="2022-12-17T19:14:30 EST" duration-ms="421" status="PASS">
          <reporter-output>
          </reporter-output>
        </test-method> <!-- launchYahoo -->
        <test-method is-config="true" signature="closeDriver()[pri:0, instance:ci_cd.github_actions.SeleniumWebTest@59505b48]" started-at="2022-12-17T19:14:30 EST" name="closeDriver" finished-at="2022-12-17T19:14:30 EST" duration-ms="170" status="PASS">
          <reporter-output>
          </reporter-output>
        </test-method> <!-- closeDriver -->
      </class> <!-- ci_cd.github_actions.SeleniumWebTest -->
    </test> <!-- Default test -->
  </suite> <!-- Default suite -->
</testng-results>
